{"numFailedTestSuites":0,"numFailedTests":0,"numPassedTestSuites":1,"numPassedTests":15,"numPendingTestSuites":0,"numPendingTests":1,"numRuntimeErrorTestSuites":0,"numTodoTests":0,"numTotalTestSuites":1,"numTotalTests":16,"openHandles":[],"snapshot":{"added":0,"didUpdate":false,"failure":false,"filesAdded":0,"filesRemoved":0,"filesUnmatched":0,"filesUpdated":0,"matched":0,"total":0,"unchecked":0,"uncheckedKeysByFile":[],"unmatched":0,"updated":0},"startTime":1557696536676,"success":true,"testResults":[{"failureMessage":null,"numFailingTests":0,"numPassingTests":15,"numPendingTests":1,"numTodoTests":0,"perfStats":{"end":1557696538437,"start":1557696536725},"snapshot":{"added":0,"fileDeleted":false,"matched":0,"unchecked":0,"unmatched":0,"updated":0,"uncheckedKeys":[]},"testFilePath":"/Users/jussi/Development/rats/src/Application.test.js","testResults":[{"ancestorTitles":["Application","#quit"],"duration":35,"failureMessages":[],"fullName":"Application #quit emits quit event to program","location":null,"numPassingAsserts":0,"status":"passed","title":"emits quit event to program"},{"ancestorTitles":["Application","#loadConfig()"],"duration":104,"failureMessages":[],"fullName":"Application #loadConfig() sets loaded configuration to self","location":null,"numPassingAsserts":0,"status":"passed","title":"sets loaded configuration to self"},{"ancestorTitles":["Application","#loadConfig()"],"duration":17,"failureMessages":[],"fullName":"Application #loadConfig() throws a custom Error when config file not found","location":null,"numPassingAsserts":0,"status":"passed","title":"throws a custom Error when config file not found"},{"ancestorTitles":["Application"],"duration":0,"failureMessages":[],"fullName":"Application #initialize()","location":null,"numPassingAsserts":0,"status":"pending","title":"#initialize()"},{"ancestorTitles":["Application","#getCLIArguments"],"duration":3,"failureMessages":[],"fullName":"Application #getCLIArguments returns a string that contains the arguments","location":null,"numPassingAsserts":0,"status":"passed","title":"returns a string that contains the arguments"},{"ancestorTitles":["Application","#getCLIArguments"],"duration":3,"failureMessages":[],"fullName":"Application #getCLIArguments returns a string wherein the arguments are in the same order as in configuration","location":null,"numPassingAsserts":0,"status":"passed","title":"returns a string wherein the arguments are in the same order as in configuration"},{"ancestorTitles":["Application"],"duration":3,"failureMessages":[],"fullName":"Application #addCollection","location":null,"numPassingAsserts":0,"status":"passed","title":"#addCollection"},{"ancestorTitles":["Application"],"duration":23,"failureMessages":[],"fullName":"Application #bindCollectionEntryToDomain","location":null,"numPassingAsserts":0,"status":"passed","title":"#bindCollectionEntryToDomain"},{"ancestorTitles":["Application","#setCollections"],"duration":4,"failureMessages":[],"fullName":"Application #setCollections service","location":null,"numPassingAsserts":0,"status":"passed","title":"service"},{"ancestorTitles":["Application","#setCollections"],"duration":3,"failureMessages":[],"fullName":"Application #setCollections key","location":null,"numPassingAsserts":0,"status":"passed","title":"key"},{"ancestorTitles":["Application","#getCollectionContents"],"duration":3,"failureMessages":[],"fullName":"Application #getCollectionContents returns undefined when collection contains no data","location":null,"numPassingAsserts":0,"status":"passed","title":"returns undefined when collection contains no data"},{"ancestorTitles":["Application","#getCollectionContents"],"duration":11,"failureMessages":[],"fullName":"Application #getCollectionContents returns data for specified environment","location":null,"numPassingAsserts":0,"status":"passed","title":"returns data for specified environment"},{"ancestorTitles":["Application","#getCollectionContents"],"duration":10,"failureMessages":[],"fullName":"Application #getCollectionContents returns domain-bound data for specified environment","location":null,"numPassingAsserts":0,"status":"passed","title":"returns domain-bound data for specified environment"},{"ancestorTitles":["Application","#getCollectionContents"],"duration":3,"failureMessages":[],"fullName":"Application #getCollectionContents returns non-domain-bound data for specified environment","location":null,"numPassingAsserts":0,"status":"passed","title":"returns non-domain-bound data for specified environment"},{"ancestorTitles":["Application","#getCallInstructions"],"duration":3,"failureMessages":[],"fullName":"Application #getCallInstructions returns all when no collection specified","location":null,"numPassingAsserts":0,"status":"passed","title":"returns all when no collection specified"},{"ancestorTitles":["Application","#getCallInstructions"],"duration":3,"failureMessages":[],"fullName":"Application #getCallInstructions returns calls for specified collection","location":null,"numPassingAsserts":0,"status":"passed","title":"returns calls for specified collection"}],"skipped":false,"leaks":false}],"wasInterrupted":false}